Copyright 1986-2018 Xilinx, Inc. All Rights Reserved.
-------------------------------------------------------------------------------------------------------------------------------------------------------
| Tool Version     : Vivado v.2018.2 (win64) Build 2258646 Thu Jun 14 20:03:12 MDT 2018
<<<<<<< HEAD
| Date             : Sun Apr  5 00:20:59 2020
| Host             : WIN8-PC running 64-bit major release  (build 9200)
=======
| Date             : Sat Apr  4 23:01:04 2020
| Host             : Richard running 64-bit major release  (build 9200)
>>>>>>> 1b055cfd924c67ca03755872535234c915340488
| Command          : report_power -file Top_Student_power_routed.rpt -pb Top_Student_power_summary_routed.pb -rpx Top_Student_power_routed.rpx
| Design           : Top_Student
| Device           : xc7a35tcpg236-1
| Design State     : routed
| Grade            : commercial
| Process          : typical
| Characterization : Production
-------------------------------------------------------------------------------------------------------------------------------------------------------

Power Report

Table of Contents
-----------------
1. Summary
1.1 On-Chip Components
1.2 Power Supply Summary
1.3 Confidence Level
2. Settings
2.1 Environment
2.2 Clock Constraints
3. Detailed Reports
3.1 By Hierarchy

1. Summary
----------

+--------------------------+--------------+
<<<<<<< HEAD
| Total On-Chip Power (W)  | 0.149        |
| Design Power Budget (W)  | Unspecified* |
| Power Budget Margin (W)  | NA           |
| Dynamic (W)              | 0.077        |
=======
| Total On-Chip Power (W)  | 0.153        |
| Design Power Budget (W)  | Unspecified* |
| Power Budget Margin (W)  | NA           |
| Dynamic (W)              | 0.081        |
>>>>>>> 1b055cfd924c67ca03755872535234c915340488
| Device Static (W)        | 0.072        |
| Effective TJA (C/W)      | 5.0          |
| Max Ambient (C)          | 84.2         |
| Junction Temperature (C) | 25.8         |
| Confidence Level         | Low          |
| Setting File             | ---          |
| Simulation Activity File | ---          |
| Design Nets Matched      | NA           |
+--------------------------+--------------+
* Specify Design Power Budget using, set_operating_conditions -design_power_budget <value in Watts>


1.1 On-Chip Components
----------------------

+----------------+-----------+----------+-----------+-----------------+
| On-Chip        | Power (W) | Used     | Available | Utilization (%) |
+----------------+-----------+----------+-----------+-----------------+
| Clocks         |     0.003 |        3 |       --- |             --- |
<<<<<<< HEAD
| Slice Logic    |     0.037 |    27451 |       --- |             --- |
|   LUT as Logic |     0.036 |    17304 |     20800 |           83.19 |
|   F7/F8 Muxes  |    <0.001 |      359 |     32600 |            1.10 |
|   Register     |    <0.001 |     2240 |     41600 |            5.38 |
|   CARRY4       |    <0.001 |     2699 |      8150 |           33.12 |
|   Others       |     0.000 |      563 |       --- |             --- |
|   BUFG         |     0.000 |        6 |        32 |           18.75 |
| Signals        |     0.036 |    18773 |       --- |             --- |
| I/O            |     0.001 |       51 |       106 |           48.11 |
| Static Power   |     0.072 |          |           |                 |
| Total          |     0.149 |          |           |                 |
=======
| Slice Logic    |     0.038 |    26772 |       --- |             --- |
|   LUT as Logic |     0.037 |    16866 |     20800 |           81.09 |
|   F7/F8 Muxes  |    <0.001 |      350 |     32600 |            1.07 |
|   Register     |    <0.001 |     2200 |     41600 |            5.29 |
|   CARRY4       |    <0.001 |     2588 |      8150 |           31.75 |
|   Others       |     0.000 |      539 |       --- |             --- |
|   BUFG         |     0.000 |        6 |        32 |           18.75 |
| Signals        |     0.039 |    18386 |       --- |             --- |
| I/O            |     0.001 |       51 |       106 |           48.11 |
| Static Power   |     0.072 |          |           |                 |
| Total          |     0.153 |          |           |                 |
>>>>>>> 1b055cfd924c67ca03755872535234c915340488
+----------------+-----------+----------+-----------+-----------------+


1.2 Power Supply Summary
------------------------

+-----------+-------------+-----------+-------------+------------+
| Source    | Voltage (V) | Total (A) | Dynamic (A) | Static (A) |
+-----------+-------------+-----------+-------------+------------+
<<<<<<< HEAD
| Vccint    |       1.000 |     0.086 |       0.076 |      0.010 |
=======
| Vccint    |       1.000 |     0.090 |       0.080 |      0.010 |
>>>>>>> 1b055cfd924c67ca03755872535234c915340488
| Vccaux    |       1.800 |     0.013 |       0.000 |      0.013 |
| Vcco33    |       3.300 |     0.001 |       0.000 |      0.001 |
| Vcco25    |       2.500 |     0.000 |       0.000 |      0.000 |
| Vcco18    |       1.800 |     0.000 |       0.000 |      0.000 |
| Vcco15    |       1.500 |     0.000 |       0.000 |      0.000 |
| Vcco135   |       1.350 |     0.000 |       0.000 |      0.000 |
| Vcco12    |       1.200 |     0.000 |       0.000 |      0.000 |
| Vccaux_io |       1.800 |     0.000 |       0.000 |      0.000 |
| Vccbram   |       1.000 |     0.000 |       0.000 |      0.000 |
| MGTAVcc   |       1.000 |     0.000 |       0.000 |      0.000 |
| MGTAVtt   |       1.200 |     0.000 |       0.000 |      0.000 |
| Vccadc    |       1.800 |     0.020 |       0.000 |      0.020 |
+-----------+-------------+-----------+-------------+------------+


1.3 Confidence Level
--------------------

+-----------------------------+------------+--------------------------------------------------------+--------------------------------------------------------------------------------------------------------------------+
| User Input Data             | Confidence | Details                                                | Action                                                                                                             |
+-----------------------------+------------+--------------------------------------------------------+--------------------------------------------------------------------------------------------------------------------+
| Design implementation state | High       | Design is routed                                       |                                                                                                                    |
| Clock nodes activity        | Low        | User specified less than 75% of clocks                 | Provide missing clock activity with a constraint file, simulation results or by editing the "By Clock Domain" view |
| I/O nodes activity          | Low        | More than 75% of inputs are missing user specification | Provide missing input activity with simulation results or by editing the "By Resource Type -> I/Os" view           |
| Internal nodes activity     | Medium     | User specified less than 25% of internal nodes         | Provide missing internal nodes activity with simulation results or by editing the "By Resource Type" views         |
| Device models               | High       | Device models are Production                           |                                                                                                                    |
|                             |            |                                                        |                                                                                                                    |
| Overall confidence level    | Low        |                                                        |                                                                                                                    |
+-----------------------------+------------+--------------------------------------------------------+--------------------------------------------------------------------------------------------------------------------+


2. Settings
-----------

2.1 Environment
---------------

+-----------------------+--------------------------+
| Ambient Temp (C)      | 25.0                     |
| ThetaJA (C/W)         | 5.0                      |
| Airflow (LFM)         | 250                      |
| Heat Sink             | medium (Medium Profile)  |
| ThetaSA (C/W)         | 4.6                      |
| Board Selection       | medium (10"x10")         |
| # of Board Layers     | 12to15 (12 to 15 Layers) |
| Board Temperature (C) | 25.0                     |
+-----------------------+--------------------------+


2.2 Clock Constraints
---------------------

+-------------+-----------+-----------------+
| Clock       | Domain    | Constraint (ns) |
+-------------+-----------+-----------------+
| sys_clk_pin | CLK100MHZ |            10.0 |
+-------------+-----------+-----------------+


3. Detailed Reports
-------------------

3.1 By Hierarchy
----------------

+-------------------------+-----------+
| Name                    | Power (W) |
+-------------------------+-----------+
<<<<<<< HEAD
| Top_Student             |     0.077 |
=======
| Top_Student             |     0.081 |
>>>>>>> 1b055cfd924c67ca03755872535234c915340488
|   clk1                  |    <0.001 |
|   clk20                 |    <0.001 |
|   clk20k                |    <0.001 |
|   clk361                |    <0.001 |
|   clk4                  |    <0.001 |
|   clk625m               |    <0.001 |
|   disp1                 |     0.073 |
|     border1             |     0.000 |
|     coord               |    <0.001 |
|     customHigh          |    <0.001 |
|     customLow           |    <0.001 |
|     customMed           |    <0.001 |
|     custombackgrd       |    <0.001 |
|     customborder        |    <0.001 |
|     gameSound           |     0.000 |
|       text10            |     0.000 |
|       text11            |     0.000 |
|       text12            |     0.000 |
|       text14            |     0.000 |
|       text8             |     0.000 |
|       text9             |     0.000 |
|     gameText            |     0.000 |
|       text10            |     0.000 |
|       text11            |     0.000 |
|       text12            |     0.000 |
|       text14            |     0.000 |
|       text9             |     0.000 |
|     gameWatch           |     0.000 |
|       text10            |     0.000 |
|       text11            |     0.000 |
|       text12            |     0.000 |
|       text14            |     0.000 |
|       text4             |     0.000 |
|       text5             |     0.000 |
|       text6             |     0.000 |
|       text7             |     0.000 |
|       text8             |     0.000 |
|       text9             |     0.000 |
|     menuGame            |     0.000 |
|     menuSound           |     0.000 |
|     menuWatch           |     0.000 |
|     orange              |     0.000 |
|     peakAvg             |    <0.001 |
|       average_info      |     0.000 |
|         text10          |     0.000 |
|         text4           |     0.000 |
|         text5           |     0.000 |
|         text6           |     0.000 |
|         text7           |     0.000 |
|         text8           |     0.000 |
|         text9           |     0.000 |
|       avgNumber         |     0.000 |
|         text6           |     0.000 |
|         text7           |     0.000 |
|       avgTable          |     0.000 |
|       peakNumber        |     0.000 |
|         text6           |     0.000 |
|         text7           |     0.000 |
|       peakTable         |     0.000 |
|       peak_info         |     0.000 |
|         text5           |     0.000 |
|         text6           |     0.000 |
|         text7           |     0.000 |
|         text8           |     0.000 |
|       volume_info       |     0.000 |
|         text10          |     0.000 |
|         text11          |     0.000 |
|         text12          |     0.000 |
|         text2           |     0.000 |
|         text3           |     0.000 |
|         text4           |     0.000 |
|         text5           |     0.000 |
|         text6           |     0.000 |
|         text7           |     0.000 |
|         text9           |     0.000 |
|     stopWatchText       |     0.000 |
|       text10            |     0.000 |
|       text11            |     0.000 |
|       text3             |     0.000 |
|       text4             |     0.000 |
|       text5             |     0.000 |
|       text6             |     0.000 |
|       text7             |     0.000 |
|       text8             |     0.000 |
|       text9             |     0.000 |
|     tetrisMenu          |    <0.001 |
|       credits0          |     0.000 |
|         text0           |     0.000 |
|         text1           |     0.000 |
|         text10          |     0.000 |
|         text2           |     0.000 |
|         text3           |     0.000 |
|         text4           |     0.000 |
|         text5           |     0.000 |
|         text6           |     0.000 |
|         text7           |     0.000 |
|         text8           |     0.000 |
|         text9           |     0.000 |
|       credits1          |     0.000 |
|         text10          |     0.000 |
|         text11          |     0.000 |
|         text12          |     0.000 |
|         text13          |     0.000 |
|         text14          |     0.000 |
|         text9           |     0.000 |
|       credits2          |     0.000 |
|         text10          |     0.000 |
|         text11          |     0.000 |
|         text12          |     0.000 |
|         text13          |     0.000 |
|         text14          |     0.000 |
|         text9           |     0.000 |
|       credits3          |     0.000 |
|         text0           |     0.000 |
|         text1           |     0.000 |
|         text2           |     0.000 |
|         text3           |     0.000 |
|         text4           |     0.000 |
|         text5           |     0.000 |
|         text6           |     0.000 |
|         text7           |     0.000 |
|         text8           |     0.000 |
|       credits4          |     0.000 |
|         text10          |     0.000 |
|         text11          |     0.000 |
|         text12          |     0.000 |
|         text13          |     0.000 |
|         text14          |     0.000 |
|         text9           |     0.000 |
|       credits5          |     0.000 |
|         text10          |     0.000 |
|         text11          |     0.000 |
|         text12          |     0.000 |
|         text13          |     0.000 |
|         text14          |     0.000 |
|         text9           |     0.000 |
|       credits6          |     0.000 |
|         text0           |     0.000 |
|         text1           |     0.000 |
|         text10          |     0.000 |
|         text11          |     0.000 |
|         text12          |     0.000 |
|         text13          |     0.000 |
|         text2           |     0.000 |
|         text3           |     0.000 |
|         text4           |     0.000 |
|         text5           |     0.000 |
|         text6           |     0.000 |
|         text8           |     0.000 |
|         text9           |     0.000 |
|       credits7          |     0.000 |
|         text10          |     0.000 |
|         text12          |     0.000 |
|         text13          |     0.000 |
|         text14          |     0.000 |
|         text3           |     0.000 |
|         text4           |     0.000 |
|         text6           |     0.000 |
|         text7           |     0.000 |
|         text8           |     0.000 |
|         text9           |     0.000 |
|       nolabel_line38    |     0.000 |
|       option1           |     0.000 |
|         text10          |     0.000 |
|         text2           |     0.000 |
|           font_disp     |     0.000 |
|         text3           |     0.000 |
|         text4           |     0.000 |
|         text5           |     0.000 |
|         text6           |     0.000 |
|         text7           |     0.000 |
|         text8           |     0.000 |
|           font_disp     |     0.000 |
|         text9           |     0.000 |
|       option2           |     0.000 |
|         text10          |     0.000 |
|         text2           |     0.000 |
|         text3           |     0.000 |
|         text4           |     0.000 |
|         text5           |     0.000 |
|         text7           |     0.000 |
|         text8           |     0.000 |
|         text9           |     0.000 |
|       option3           |     0.000 |
|         text2           |     0.000 |
|         text3           |     0.000 |
|         text4           |     0.000 |
|         text5           |     0.000 |
|         text6           |     0.000 |
|         text7           |     0.000 |
|         text8           |     0.000 |
|         text9           |     0.000 |
|       option4           |     0.000 |
|         text2           |     0.000 |
|         text3           |     0.000 |
|         text4           |     0.000 |
|         text5           |     0.000 |
|         text6           |     0.000 |
<<<<<<< HEAD
|     tetrisgame          |     0.067 |
=======
|     tetrisgame          |     0.071 |
>>>>>>> 1b055cfd924c67ca03755872535234c915340488
|       game_over         |    <0.001 |
|         text10          |     0.000 |
|         text11          |     0.000 |
|         text3           |     0.000 |
|         text4           |     0.000 |
|         text5           |     0.000 |
|         text6           |     0.000 |
|         text8           |     0.000 |
|         text9           |     0.000 |
|       hund_place        |    <0.001 |
|       next1             |     0.000 |
|       next2             |     0.000 |
|       next3             |     0.000 |
|       next4             |    <0.001 |
|       next5             |     0.000 |
|       next6             |     0.000 |
|       next7             |    <0.001 |
|       nextBlock         |     0.000 |
|         text10          |     0.000 |
|         text11          |     0.000 |
|         text12          |     0.000 |
|         text9           |     0.000 |
|       ones_place        |     0.000 |
|       score_hundred     |     0.000 |
|         text10          |     0.000 |
|         text9           |     0.000 |
|       score_ingame      |    <0.001 |
|         text10          |     0.000 |
|         text11          |     0.000 |
|         text12          |     0.000 |
|         text13          |     0.000 |
|         text14          |     0.000 |
|       score_ingame_hun  |     0.000 |
|         text11          |     0.000 |
|         text12          |     0.000 |
|       score_ingame_one  |    <0.001 |
|         text13          |     0.000 |
|         text14          |     0.000 |
|       score_ingame_ten  |     0.000 |
|         text12          |     0.000 |
|         text13          |     0.000 |
|       score_ingame_thou |     0.000 |
|         text10          |     0.000 |
|         text11          |     0.000 |
|       score_ones        |     0.000 |
|         text11          |     0.000 |
|         text12          |     0.000 |
|       score_screen      |    <0.001 |
|         text3           |     0.000 |
|         text4           |     0.000 |
|         text5           |     0.000 |
|         text6           |     0.000 |
|         text7           |     0.000 |
|       score_tens        |    <0.001 |
|         text10          |     0.000 |
|         text11          |     0.000 |
|       score_thousand    |     0.000 |
|         text8           |     0.000 |
|         text9           |     0.000 |
|       tens_place        |     0.000 |
|       thous_place       |     0.000 |
|     volume1             |    <0.001 |
|     white               |     0.000 |
|   down                  |     0.000 |
|     dff1                |     0.000 |
|     dff2                |     0.000 |
|   ledDriver             |    <0.001 |
|     clk600              |    <0.001 |
|   ledDriverEco          |    <0.001 |
|     clk600              |    <0.001 |
|   ledDriverStart        |    <0.001 |
|     clk600              |    <0.001 |
|   left                  |     0.000 |
|     dff1                |     0.000 |
|     dff2                |     0.000 |
|   mic                   |    <0.001 |
|   mid                   |     0.000 |
|     dff1                |     0.000 |
|     dff2                |     0.000 |
|   oled                  |    <0.001 |
|   right                 |     0.000 |
|     dff1                |     0.000 |
|     dff2                |     0.000 |
|   startScreen           |    <0.001 |
|   str_4                 |     0.000 |
|   str_5                 |     0.000 |
|   str_6                 |     0.000 |
|   str_7                 |     0.000 |
|   up                    |    <0.001 |
|     dff1                |    <0.001 |
|     dff2                |     0.000 |
|   watchmod              |    <0.001 |
+-------------------------+-----------+


