#-----------------------------------------------------------
# Vivado v2018.2 (64-bit)
# SW Build 2258646 on Thu Jun 14 20:03:12 MDT 2018
# IP Build 2256618 on Thu Jun 14 22:10:49 MDT 2018
# Start of session at: Sun Mar 29 10:13:09 2020
# Process ID: 15584
# Current directory: C:/School/Y1S2/EE2026/SoundDisplay
# Command line: vivado.exe -gui_launcher_event rodinguilauncherevent17400 C:\School\Y1S2\EE2026\SoundDisplay\SoundDisplay.xpr
# Log file: C:/School/Y1S2/EE2026/SoundDisplay/vivado.log
# Journal file: C:/School/Y1S2/EE2026/SoundDisplay\vivado.jou
#-----------------------------------------------------------
Sourcing tcl script 'C:/Users/Taylor/AppData/Roaming/Xilinx/Vivado/Vivado_init.tcl'
start_gui
open_project C:/School/Y1S2/EE2026/SoundDisplay/SoundDisplay.xpr
Scanning sources...
Finished scanning sources
INFO: [IP_Flow 19-234] Refreshing IP repositories
INFO: [IP_Flow 19-1704] No user IP repositories specified
INFO: [IP_Flow 19-2313] Loaded Vivado IP repository 'D:/Xilinx/Vivado/2018.2/data/ip'.
open_project: Time (s): cpu = 00:00:14 ; elapsed = 00:00:09 . Memory (MB): peak = 897.164 ; gain = 159.410
update_compile_order -fileset sources_1
close [ open C:/School/Y1S2/EE2026/SoundDisplay/SoundDisplay.srcs/sources_1/new/Font_table.v w ]
add_files C:/School/Y1S2/EE2026/SoundDisplay/SoundDisplay.srcs/sources_1/new/Font_table.v
update_compile_order -fileset sources_1
close [ open C:/School/Y1S2/EE2026/SoundDisplay/SoundDisplay.srcs/sources_1/new/text_disp.v w ]
add_files C:/School/Y1S2/EE2026/SoundDisplay/SoundDisplay.srcs/sources_1/new/text_disp.v
update_compile_order -fileset sources_1
update_compile_order -fileset sources_1
update_compile_order -fileset sources_1
close [ open C:/School/Y1S2/EE2026/SoundDisplay/SoundDisplay.srcs/sources_1/new/mux1.v w ]
add_files C:/School/Y1S2/EE2026/SoundDisplay/SoundDisplay.srcs/sources_1/new/mux1.v
update_compile_order -fileset sources_1
update_compile_order -fileset sources_1
reset_run synth_1
launch_runs synth_1 -jobs 8
[Sun Mar 29 11:14:20 2020] Launched synth_1...
Run output will be captured here: C:/School/Y1S2/EE2026/SoundDisplay/SoundDisplay.runs/synth_1/runme.log
reset_run synth_1
launch_runs synth_1 -jobs 8
[Sun Mar 29 11:19:18 2020] Launched synth_1...
Run output will be captured here: C:/School/Y1S2/EE2026/SoundDisplay/SoundDisplay.runs/synth_1/runme.log
update_compile_order -fileset sources_1
update_compile_order -fileset sources_1
exit
INFO: [Common 17-206] Exiting Vivado at Sun Mar 29 11:31:41 2020...
