#-----------------------------------------------------------
# Vivado v2018.2 (64-bit)
# SW Build 2258646 on Thu Jun 14 20:03:12 MDT 2018
# IP Build 2256618 on Thu Jun 14 22:10:49 MDT 2018
# Start of session at: Sun Mar 29 11:31:49 2020
# Process ID: 19448
# Current directory: C:/School/Y1S2/EE2026/SoundDisplay
# Command line: vivado.exe -gui_launcher_event rodinguilauncherevent12776 C:\School\Y1S2\EE2026\SoundDisplay\SoundDisplay.xpr
# Log file: C:/School/Y1S2/EE2026/SoundDisplay/vivado.log
# Journal file: C:/School/Y1S2/EE2026/SoundDisplay\vivado.jou
#-----------------------------------------------------------
Sourcing tcl script 'C:/Users/Taylor/AppData/Roaming/Xilinx/Vivado/Vivado_init.tcl'
start_gui
open_project C:/School/Y1S2/EE2026/SoundDisplay/SoundDisplay.xpr
Scanning sources...
Finished scanning sources
ERROR: [Project 1-510] Parsing generated run data failed
open_project C:/School/Y1S2/EE2026/SoundDisplay/SoundDisplay.xpr
Scanning sources...
Finished scanning sources
ERROR: [Project 1-510] Parsing generated run data failed
exit
INFO: [Common 17-206] Exiting Vivado at Sun Mar 29 11:33:16 2020...
