#-----------------------------------------------------------
# Vivado v2018.2 (64-bit)
# SW Build 2258646 on Thu Jun 14 20:03:12 MDT 2018
# IP Build 2256618 on Thu Jun 14 22:10:49 MDT 2018
# Start of session at: Fri Mar 20 17:55:15 2020
# Process ID: 14576
# Current directory: C:/School/Y1S2/EE2026/SoundDisplay
# Command line: vivado.exe -gui_launcher_event rodinguilauncherevent16096 C:\School\Y1S2\EE2026\SoundDisplay\SoundDisplay.xpr
# Log file: C:/School/Y1S2/EE2026/SoundDisplay/vivado.log
# Journal file: C:/School/Y1S2/EE2026/SoundDisplay\vivado.jou
#-----------------------------------------------------------
start_gui
open_project C:/School/Y1S2/EE2026/SoundDisplay/SoundDisplay.xpr
Scanning sources...
Finished scanning sources
INFO: [IP_Flow 19-234] Refreshing IP repositories
INFO: [IP_Flow 19-1704] No user IP repositories specified
INFO: [IP_Flow 19-2313] Loaded Vivado IP repository 'D:/Xilinx/Vivado/2018.2/data/ip'.
open_project: Time (s): cpu = 00:00:12 ; elapsed = 00:00:07 . Memory (MB): peak = 870.344 ; gain = 135.570
update_compile_order -fileset sources_1
open_hw
connect_hw_server
INFO: [Labtools 27-2285] Connecting to hw_server url TCP:localhost:3121
INFO: [Labtools 27-2222] Launching hw_server...
INFO: [Labtools 27-2221] Launch Output:

****** Xilinx hw_server v2018.2
  **** Build date : Jun 14 2018-20:42:52
    ** Copyright 1986-2018 Xilinx, Inc. All Rights Reserved.


disconnect_hw_server localhost:3121
connect_hw_server
INFO: [Labtools 27-2285] Connecting to hw_server url TCP:localhost:3121
