
*** Running vivado
    with args -log Top_Student.vds -m64 -product Vivado -mode batch -messageDb vivado.pb -notrace -source Top_Student.tcl


****** Vivado v2018.2 (64-bit)
  **** SW Build 2258646 on Thu Jun 14 20:03:12 MDT 2018
  **** IP Build 2256618 on Thu Jun 14 22:10:49 MDT 2018
    ** Copyright 1986-2018 Xilinx, Inc. All Rights Reserved.

source Top_Student.tcl -notrace
Command: synth_design -top Top_Student -part xc7a35tcpg236-1
Starting synth_design
Attempting to get a license for feature 'Synthesis' and/or device 'xc7a35t'
INFO: [Common 17-349] Got license for feature 'Synthesis' and/or device 'xc7a35t'
INFO: Launching helper process for spawning children vivado processes
INFO: Helper process launched with PID 10948 
---------------------------------------------------------------------------------
Starting RTL Elaboration : Time (s): cpu = 00:00:02 ; elapsed = 00:00:02 . Memory (MB): peak = 334.773 ; gain = 101.102
---------------------------------------------------------------------------------
INFO: [Synth 8-6157] synthesizing module 'Top_Student' [C:/School/Y1S2/EE2026/SoundDisplay/SoundDisplay.srcs/sources_1/new/Top_Student.v:18]
	Parameter MIN_VOL bound to: 2000 - type: integer 
	Parameter STEP bound to: 131 - type: integer 
	Parameter MAX_LEN bound to: 32 - type: integer 
INFO: [Synth 8-6157] synthesizing module 'clk' [C:/School/Y1S2/EE2026/SoundDisplay/SoundDisplay.srcs/sources_1/new/clk20k.v:23]
INFO: [Synth 8-6155] done synthesizing module 'clk' (1#1) [C:/School/Y1S2/EE2026/SoundDisplay/SoundDisplay.srcs/sources_1/new/clk20k.v:23]
INFO: [Synth 8-6157] synthesizing module 'single_pulse' [C:/School/Y1S2/EE2026/SoundDisplay/SoundDisplay.srcs/sources_1/imports/EE2026-Design-Project-master/single_pulse.v:23]
INFO: [Synth 8-6157] synthesizing module 'single_dff' [C:/School/Y1S2/EE2026/SoundDisplay/SoundDisplay.srcs/sources_1/imports/EE2026-Design-Project-master/single_dff.v:23]
INFO: [Synth 8-6155] done synthesizing module 'single_dff' (2#1) [C:/School/Y1S2/EE2026/SoundDisplay/SoundDisplay.srcs/sources_1/imports/EE2026-Design-Project-master/single_dff.v:23]
INFO: [Synth 8-6155] done synthesizing module 'single_pulse' (3#1) [C:/School/Y1S2/EE2026/SoundDisplay/SoundDisplay.srcs/sources_1/imports/EE2026-Design-Project-master/single_pulse.v:23]
INFO: [Synth 8-6157] synthesizing module 'mux' [C:/School/Y1S2/EE2026/SoundDisplay/SoundDisplay.srcs/sources_1/new/mux.v:23]
INFO: [Synth 8-6155] done synthesizing module 'mux' (4#1) [C:/School/Y1S2/EE2026/SoundDisplay/SoundDisplay.srcs/sources_1/new/mux.v:23]
WARNING: [Synth 8-689] width (12) of port connection 'sig1' does not match port width (16) of module 'mux' [C:/School/Y1S2/EE2026/SoundDisplay/SoundDisplay.srcs/sources_1/new/Top_Student.v:82]
INFO: [Synth 8-6157] synthesizing module 'bcd' [C:/School/Y1S2/EE2026/SoundDisplay/SoundDisplay.srcs/sources_1/new/bcd.v:23]
INFO: [Synth 8-6155] done synthesizing module 'bcd' (5#1) [C:/School/Y1S2/EE2026/SoundDisplay/SoundDisplay.srcs/sources_1/new/bcd.v:23]
INFO: [Synth 8-6157] synthesizing module 'char_disp' [C:/School/Y1S2/EE2026/SoundDisplay/SoundDisplay.srcs/sources_1/new/char_disp.v:23]
INFO: [Synth 8-6155] done synthesizing module 'char_disp' (6#1) [C:/School/Y1S2/EE2026/SoundDisplay/SoundDisplay.srcs/sources_1/new/char_disp.v:23]
WARNING: [Synth 8-689] width (4) of port connection 'char' does not match port width (8) of module 'char_disp' [C:/School/Y1S2/EE2026/SoundDisplay/SoundDisplay.srcs/sources_1/new/Top_Student.v:89]
WARNING: [Synth 8-689] width (4) of port connection 'char' does not match port width (8) of module 'char_disp' [C:/School/Y1S2/EE2026/SoundDisplay/SoundDisplay.srcs/sources_1/new/Top_Student.v:90]
INFO: [Synth 8-6157] synthesizing module 'string_driver' [C:/School/Y1S2/EE2026/SoundDisplay/SoundDisplay.srcs/sources_1/new/string_driver.v:23]
WARNING: [Synth 8-6090] variable 'i' is written by both blocking and non-blocking assignments, entire logic could be removed [C:/School/Y1S2/EE2026/SoundDisplay/SoundDisplay.srcs/sources_1/new/string_driver.v:41]
WARNING: [Synth 8-5788] Register counter_reg in module string_driver is has both Set and reset with same priority. This may cause simulation mismatches. Consider rewriting code  [C:/School/Y1S2/EE2026/SoundDisplay/SoundDisplay.srcs/sources_1/new/string_driver.v:30]
WARNING: [Synth 8-5788] Register i_reg in module string_driver is has both Set and reset with same priority. This may cause simulation mismatches. Consider rewriting code  [C:/School/Y1S2/EE2026/SoundDisplay/SoundDisplay.srcs/sources_1/new/string_driver.v:31]
WARNING: [Synth 8-5788] Register char3_reg in module string_driver is has both Set and reset with same priority. This may cause simulation mismatches. Consider rewriting code  [C:/School/Y1S2/EE2026/SoundDisplay/SoundDisplay.srcs/sources_1/new/string_driver.v:36]
WARNING: [Synth 8-5788] Register char2_reg in module string_driver is has both Set and reset with same priority. This may cause simulation mismatches. Consider rewriting code  [C:/School/Y1S2/EE2026/SoundDisplay/SoundDisplay.srcs/sources_1/new/string_driver.v:37]
WARNING: [Synth 8-5788] Register char1_reg in module string_driver is has both Set and reset with same priority. This may cause simulation mismatches. Consider rewriting code  [C:/School/Y1S2/EE2026/SoundDisplay/SoundDisplay.srcs/sources_1/new/string_driver.v:38]
WARNING: [Synth 8-5788] Register char0_reg in module string_driver is has both Set and reset with same priority. This may cause simulation mismatches. Consider rewriting code  [C:/School/Y1S2/EE2026/SoundDisplay/SoundDisplay.srcs/sources_1/new/string_driver.v:39]
INFO: [Synth 8-6155] done synthesizing module 'string_driver' (7#1) [C:/School/Y1S2/EE2026/SoundDisplay/SoundDisplay.srcs/sources_1/new/string_driver.v:23]
WARNING: [Synth 8-689] width (8) of port connection 'sig1' does not match port width (16) of module 'mux' [C:/School/Y1S2/EE2026/SoundDisplay/SoundDisplay.srcs/sources_1/new/Top_Student.v:104]
WARNING: [Synth 8-689] width (8) of port connection 'sig2' does not match port width (16) of module 'mux' [C:/School/Y1S2/EE2026/SoundDisplay/SoundDisplay.srcs/sources_1/new/Top_Student.v:104]
WARNING: [Synth 8-689] width (8) of port connection 'opt' does not match port width (16) of module 'mux' [C:/School/Y1S2/EE2026/SoundDisplay/SoundDisplay.srcs/sources_1/new/Top_Student.v:104]
WARNING: [Synth 8-689] width (8) of port connection 'sig1' does not match port width (16) of module 'mux' [C:/School/Y1S2/EE2026/SoundDisplay/SoundDisplay.srcs/sources_1/new/Top_Student.v:105]
WARNING: [Synth 8-689] width (8) of port connection 'sig2' does not match port width (16) of module 'mux' [C:/School/Y1S2/EE2026/SoundDisplay/SoundDisplay.srcs/sources_1/new/Top_Student.v:105]
WARNING: [Synth 8-689] width (8) of port connection 'opt' does not match port width (16) of module 'mux' [C:/School/Y1S2/EE2026/SoundDisplay/SoundDisplay.srcs/sources_1/new/Top_Student.v:105]
WARNING: [Synth 8-689] width (8) of port connection 'sig2' does not match port width (16) of module 'mux' [C:/School/Y1S2/EE2026/SoundDisplay/SoundDisplay.srcs/sources_1/new/Top_Student.v:106]
WARNING: [Synth 8-689] width (8) of port connection 'opt' does not match port width (16) of module 'mux' [C:/School/Y1S2/EE2026/SoundDisplay/SoundDisplay.srcs/sources_1/new/Top_Student.v:106]
WARNING: [Synth 8-689] width (8) of port connection 'sig2' does not match port width (16) of module 'mux' [C:/School/Y1S2/EE2026/SoundDisplay/SoundDisplay.srcs/sources_1/new/Top_Student.v:107]
WARNING: [Synth 8-689] width (8) of port connection 'opt' does not match port width (16) of module 'mux' [C:/School/Y1S2/EE2026/SoundDisplay/SoundDisplay.srcs/sources_1/new/Top_Student.v:107]
INFO: [Synth 8-6157] synthesizing module 'ledDriv' [C:/School/Y1S2/EE2026/SoundDisplay/SoundDisplay.srcs/sources_1/new/ledDriv.v:23]
INFO: [Synth 8-155] case statement is not full and has no default [C:/School/Y1S2/EE2026/SoundDisplay/SoundDisplay.srcs/sources_1/new/ledDriv.v:29]
INFO: [Synth 8-6155] done synthesizing module 'ledDriv' (8#1) [C:/School/Y1S2/EE2026/SoundDisplay/SoundDisplay.srcs/sources_1/new/ledDriv.v:23]
WARNING: [Synth 8-689] width (8) of port connection 'sig1' does not match port width (16) of module 'mux' [C:/School/Y1S2/EE2026/SoundDisplay/SoundDisplay.srcs/sources_1/new/Top_Student.v:117]
WARNING: [Synth 8-689] width (8) of port connection 'sig2' does not match port width (16) of module 'mux' [C:/School/Y1S2/EE2026/SoundDisplay/SoundDisplay.srcs/sources_1/new/Top_Student.v:117]
WARNING: [Synth 8-689] width (8) of port connection 'opt' does not match port width (16) of module 'mux' [C:/School/Y1S2/EE2026/SoundDisplay/SoundDisplay.srcs/sources_1/new/Top_Student.v:117]
WARNING: [Synth 8-689] width (4) of port connection 'sig1' does not match port width (16) of module 'mux' [C:/School/Y1S2/EE2026/SoundDisplay/SoundDisplay.srcs/sources_1/new/Top_Student.v:118]
WARNING: [Synth 8-689] width (4) of port connection 'sig2' does not match port width (16) of module 'mux' [C:/School/Y1S2/EE2026/SoundDisplay/SoundDisplay.srcs/sources_1/new/Top_Student.v:118]
WARNING: [Synth 8-689] width (4) of port connection 'opt' does not match port width (16) of module 'mux' [C:/School/Y1S2/EE2026/SoundDisplay/SoundDisplay.srcs/sources_1/new/Top_Student.v:118]
INFO: [Synth 8-6157] synthesizing module 'coordinate_display' [C:/School/Y1S2/EE2026/SoundDisplay/SoundDisplay.srcs/sources_1/imports/EE2026-Design-Project-master/coordinate_display.v:25]
INFO: [Synth 8-6157] synthesizing module 'xycalculator' [C:/School/Y1S2/EE2026/SoundDisplay/SoundDisplay.srcs/sources_1/imports/EE2026-Design-Project-master/xycalculator.v:23]
INFO: [Synth 8-6155] done synthesizing module 'xycalculator' (9#1) [C:/School/Y1S2/EE2026/SoundDisplay/SoundDisplay.srcs/sources_1/imports/EE2026-Design-Project-master/xycalculator.v:23]
INFO: [Synth 8-6157] synthesizing module 'draw_border' [C:/School/Y1S2/EE2026/SoundDisplay/SoundDisplay.srcs/sources_1/imports/EE2026-Design-Project-master/draw_border.v:23]
INFO: [Synth 8-6155] done synthesizing module 'draw_border' (10#1) [C:/School/Y1S2/EE2026/SoundDisplay/SoundDisplay.srcs/sources_1/imports/EE2026-Design-Project-master/draw_border.v:23]
INFO: [Synth 8-6157] synthesizing module 'volume_bar' [C:/School/Y1S2/EE2026/SoundDisplay/SoundDisplay.srcs/sources_1/imports/EE2026-Design-Project-master/volume_bar.v:24]
WARNING: [Synth 8-6014] Unused sequential element flag0_reg was removed.  [C:/School/Y1S2/EE2026/SoundDisplay/SoundDisplay.srcs/sources_1/imports/EE2026-Design-Project-master/volume_bar.v:48]
WARNING: [Synth 8-6014] Unused sequential element flag1_reg was removed.  [C:/School/Y1S2/EE2026/SoundDisplay/SoundDisplay.srcs/sources_1/imports/EE2026-Design-Project-master/volume_bar.v:49]
WARNING: [Synth 8-6014] Unused sequential element flag2_reg was removed.  [C:/School/Y1S2/EE2026/SoundDisplay/SoundDisplay.srcs/sources_1/imports/EE2026-Design-Project-master/volume_bar.v:50]
WARNING: [Synth 8-6014] Unused sequential element flag3_reg was removed.  [C:/School/Y1S2/EE2026/SoundDisplay/SoundDisplay.srcs/sources_1/imports/EE2026-Design-Project-master/volume_bar.v:51]
WARNING: [Synth 8-6014] Unused sequential element flag4_reg was removed.  [C:/School/Y1S2/EE2026/SoundDisplay/SoundDisplay.srcs/sources_1/imports/EE2026-Design-Project-master/volume_bar.v:52]
WARNING: [Synth 8-6014] Unused sequential element flag5_reg was removed.  [C:/School/Y1S2/EE2026/SoundDisplay/SoundDisplay.srcs/sources_1/imports/EE2026-Design-Project-master/volume_bar.v:53]
WARNING: [Synth 8-6014] Unused sequential element flag6_reg was removed.  [C:/School/Y1S2/EE2026/SoundDisplay/SoundDisplay.srcs/sources_1/imports/EE2026-Design-Project-master/volume_bar.v:54]
WARNING: [Synth 8-6014] Unused sequential element flag7_reg was removed.  [C:/School/Y1S2/EE2026/SoundDisplay/SoundDisplay.srcs/sources_1/imports/EE2026-Design-Project-master/volume_bar.v:55]
WARNING: [Synth 8-6014] Unused sequential element flag8_reg was removed.  [C:/School/Y1S2/EE2026/SoundDisplay/SoundDisplay.srcs/sources_1/imports/EE2026-Design-Project-master/volume_bar.v:56]
WARNING: [Synth 8-6014] Unused sequential element flag9_reg was removed.  [C:/School/Y1S2/EE2026/SoundDisplay/SoundDisplay.srcs/sources_1/imports/EE2026-Design-Project-master/volume_bar.v:57]
WARNING: [Synth 8-6014] Unused sequential element flag10_reg was removed.  [C:/School/Y1S2/EE2026/SoundDisplay/SoundDisplay.srcs/sources_1/imports/EE2026-Design-Project-master/volume_bar.v:58]
WARNING: [Synth 8-6014] Unused sequential element flag11_reg was removed.  [C:/School/Y1S2/EE2026/SoundDisplay/SoundDisplay.srcs/sources_1/imports/EE2026-Design-Project-master/volume_bar.v:59]
WARNING: [Synth 8-6014] Unused sequential element flag12_reg was removed.  [C:/School/Y1S2/EE2026/SoundDisplay/SoundDisplay.srcs/sources_1/imports/EE2026-Design-Project-master/volume_bar.v:60]
WARNING: [Synth 8-6014] Unused sequential element flag13_reg was removed.  [C:/School/Y1S2/EE2026/SoundDisplay/SoundDisplay.srcs/sources_1/imports/EE2026-Design-Project-master/volume_bar.v:61]
WARNING: [Synth 8-6014] Unused sequential element flag14_reg was removed.  [C:/School/Y1S2/EE2026/SoundDisplay/SoundDisplay.srcs/sources_1/imports/EE2026-Design-Project-master/volume_bar.v:62]
WARNING: [Synth 8-6014] Unused sequential element flag15_reg was removed.  [C:/School/Y1S2/EE2026/SoundDisplay/SoundDisplay.srcs/sources_1/imports/EE2026-Design-Project-master/volume_bar.v:63]
WARNING: [Synth 8-6014] Unused sequential element low_volume_reg was removed.  [C:/School/Y1S2/EE2026/SoundDisplay/SoundDisplay.srcs/sources_1/imports/EE2026-Design-Project-master/volume_bar.v:64]
WARNING: [Synth 8-6014] Unused sequential element medium_volume_reg was removed.  [C:/School/Y1S2/EE2026/SoundDisplay/SoundDisplay.srcs/sources_1/imports/EE2026-Design-Project-master/volume_bar.v:65]
WARNING: [Synth 8-6014] Unused sequential element high_volume_reg was removed.  [C:/School/Y1S2/EE2026/SoundDisplay/SoundDisplay.srcs/sources_1/imports/EE2026-Design-Project-master/volume_bar.v:66]
INFO: [Synth 8-6155] done synthesizing module 'volume_bar' (11#1) [C:/School/Y1S2/EE2026/SoundDisplay/SoundDisplay.srcs/sources_1/imports/EE2026-Design-Project-master/volume_bar.v:24]
INFO: [Synth 8-6157] synthesizing module 'text_select' [C:/School/Y1S2/EE2026/SoundDisplay/SoundDisplay.srcs/sources_1/new/text_select.v:23]
INFO: [Synth 8-155] case statement is not full and has no default [C:/School/Y1S2/EE2026/SoundDisplay/SoundDisplay.srcs/sources_1/new/text_select.v:36]
INFO: [Synth 8-6155] done synthesizing module 'text_select' (12#1) [C:/School/Y1S2/EE2026/SoundDisplay/SoundDisplay.srcs/sources_1/new/text_select.v:23]
INFO: [Synth 8-6157] synthesizing module 'dictionary' [C:/School/Y1S2/EE2026/SoundDisplay/SoundDisplay.srcs/sources_1/new/dictionary.v:23]
INFO: [Synth 8-6155] done synthesizing module 'dictionary' (13#1) [C:/School/Y1S2/EE2026/SoundDisplay/SoundDisplay.srcs/sources_1/new/dictionary.v:23]
INFO: [Synth 8-6157] synthesizing module 'custom_border' [C:/School/Y1S2/EE2026/SoundDisplay/SoundDisplay.srcs/sources_1/new/custom_border.v:23]
INFO: [Synth 8-6157] synthesizing module 'colourHex_disp' [C:/School/Y1S2/EE2026/SoundDisplay/SoundDisplay.srcs/sources_1/new/colourHex_disp.v:23]
INFO: [Synth 8-6155] done synthesizing module 'colourHex_disp' (14#1) [C:/School/Y1S2/EE2026/SoundDisplay/SoundDisplay.srcs/sources_1/new/colourHex_disp.v:23]
INFO: [Synth 8-155] case statement is not full and has no default [C:/School/Y1S2/EE2026/SoundDisplay/SoundDisplay.srcs/sources_1/new/custom_border.v:77]
INFO: [Synth 8-6155] done synthesizing module 'custom_border' (15#1) [C:/School/Y1S2/EE2026/SoundDisplay/SoundDisplay.srcs/sources_1/new/custom_border.v:23]
INFO: [Synth 8-6157] synthesizing module 'custom_background' [C:/School/Y1S2/EE2026/SoundDisplay/SoundDisplay.srcs/sources_1/new/custom_background.v:23]
INFO: [Synth 8-155] case statement is not full and has no default [C:/School/Y1S2/EE2026/SoundDisplay/SoundDisplay.srcs/sources_1/new/custom_background.v:77]
INFO: [Synth 8-6155] done synthesizing module 'custom_background' (16#1) [C:/School/Y1S2/EE2026/SoundDisplay/SoundDisplay.srcs/sources_1/new/custom_background.v:23]
INFO: [Synth 8-6157] synthesizing module 'custom_low' [C:/School/Y1S2/EE2026/SoundDisplay/SoundDisplay.srcs/sources_1/new/custom_low.v:23]
INFO: [Synth 8-155] case statement is not full and has no default [C:/School/Y1S2/EE2026/SoundDisplay/SoundDisplay.srcs/sources_1/new/custom_low.v:77]
INFO: [Synth 8-6155] done synthesizing module 'custom_low' (17#1) [C:/School/Y1S2/EE2026/SoundDisplay/SoundDisplay.srcs/sources_1/new/custom_low.v:23]
INFO: [Synth 8-6157] synthesizing module 'custom_med' [C:/School/Y1S2/EE2026/SoundDisplay/SoundDisplay.srcs/sources_1/new/custom_med.v:23]
INFO: [Synth 8-155] case statement is not full and has no default [C:/School/Y1S2/EE2026/SoundDisplay/SoundDisplay.srcs/sources_1/new/custom_med.v:77]
INFO: [Synth 8-6155] done synthesizing module 'custom_med' (18#1) [C:/School/Y1S2/EE2026/SoundDisplay/SoundDisplay.srcs/sources_1/new/custom_med.v:23]
INFO: [Synth 8-6157] synthesizing module 'custom_high' [C:/School/Y1S2/EE2026/SoundDisplay/SoundDisplay.srcs/sources_1/new/custom_high.v:23]
INFO: [Synth 8-155] case statement is not full and has no default [C:/School/Y1S2/EE2026/SoundDisplay/SoundDisplay.srcs/sources_1/new/custom_high.v:77]
INFO: [Synth 8-6155] done synthesizing module 'custom_high' (19#1) [C:/School/Y1S2/EE2026/SoundDisplay/SoundDisplay.srcs/sources_1/new/custom_high.v:23]
INFO: [Synth 8-155] case statement is not full and has no default [C:/School/Y1S2/EE2026/SoundDisplay/SoundDisplay.srcs/sources_1/imports/EE2026-Design-Project-master/coordinate_display.v:100]
INFO: [Synth 8-6155] done synthesizing module 'coordinate_display' (20#1) [C:/School/Y1S2/EE2026/SoundDisplay/SoundDisplay.srcs/sources_1/imports/EE2026-Design-Project-master/coordinate_display.v:25]
WARNING: [Synth 8-689] width (5) of port connection 'mic_volume' does not match port width (4) of module 'coordinate_display' [C:/School/Y1S2/EE2026/SoundDisplay/SoundDisplay.srcs/sources_1/new/Top_Student.v:121]
INFO: [Synth 8-6157] synthesizing module 'Audio_Capture' [C:/School/Y1S2/EE2026/SoundDisplay/SoundDisplay.srcs/sources_1/new/Audio_Capture.v:25]
INFO: [Synth 8-6155] done synthesizing module 'Audio_Capture' (21#1) [C:/School/Y1S2/EE2026/SoundDisplay/SoundDisplay.srcs/sources_1/new/Audio_Capture.v:25]
INFO: [Synth 8-6157] synthesizing module 'Oled_Display' [C:/School/Y1S2/EE2026/SoundDisplay/SoundDisplay.srcs/sources_1/imports/EE2026-Design-Project-master/Oled_Display.v:36]
	Parameter Width bound to: 96 - type: integer 
	Parameter Height bound to: 64 - type: integer 
	Parameter PixelCount bound to: 6144 - type: integer 
	Parameter PixelCountWidth bound to: 13 - type: integer 
	Parameter ClkFreq bound to: 6250000 - type: integer 
	Parameter FrameFreq bound to: 60 - type: integer 
	Parameter FrameDiv bound to: 104166 - type: integer 
	Parameter FrameDivWidth bound to: 17 - type: integer 
	Parameter PowerDelay bound to: 20 - type: integer 
	Parameter ResetDelay bound to: 3 - type: integer 
	Parameter VccEnDelay bound to: 20 - type: integer 
	Parameter StartupCompleteDelay bound to: 100 - type: integer 
	Parameter MaxDelay bound to: 100 - type: integer 
	Parameter MaxDelayCount bound to: 625000 - type: integer 
	Parameter StateCount bound to: 32 - type: integer 
	Parameter StateWidth bound to: 5 - type: integer 
	Parameter PowerUp bound to: 5'b00000 
	Parameter Reset bound to: 5'b00001 
	Parameter ReleaseReset bound to: 5'b00011 
	Parameter EnableDriver bound to: 5'b00010 
	Parameter DisplayOff bound to: 5'b00110 
	Parameter SetRemapDisplayFormat bound to: 5'b00111 
	Parameter SetStartLine bound to: 5'b00101 
	Parameter SetOffset bound to: 5'b00100 
	Parameter SetNormalDisplay bound to: 5'b01100 
	Parameter SetMultiplexRatio bound to: 5'b01101 
	Parameter SetMasterConfiguration bound to: 5'b01111 
	Parameter DisablePowerSave bound to: 5'b01110 
	Parameter SetPhaseAdjust bound to: 5'b01010 
	Parameter SetDisplayClock bound to: 5'b01011 
	Parameter SetSecondPrechargeA bound to: 5'b01001 
	Parameter SetSecondPrechargeB bound to: 5'b01000 
	Parameter SetSecondPrechargeC bound to: 5'b11000 
	Parameter SetPrechargeLevel bound to: 5'b11001 
	Parameter SetVCOMH bound to: 5'b11011 
	Parameter SetMasterCurrent bound to: 5'b11010 
	Parameter SetContrastA bound to: 5'b11110 
	Parameter SetContrastB bound to: 5'b11111 
	Parameter SetContrastC bound to: 5'b11101 
	Parameter DisableScrolling bound to: 5'b11100 
	Parameter ClearScreen bound to: 5'b10100 
	Parameter VccEn bound to: 5'b10101 
	Parameter DisplayOn bound to: 5'b10111 
	Parameter PrepareNextFrame bound to: 5'b10110 
	Parameter SetColAddress bound to: 5'b10010 
	Parameter SetRowAddress bound to: 5'b10011 
	Parameter WaitNextFrame bound to: 5'b10001 
	Parameter SendPixel bound to: 5'b10000 
	Parameter SpiCommandMaxWidth bound to: 40 - type: integer 
	Parameter SpiCommandBitCountWidth bound to: 6 - type: integer 
INFO: [Synth 8-226] default block is never used [C:/School/Y1S2/EE2026/SoundDisplay/SoundDisplay.srcs/sources_1/imports/EE2026-Design-Project-master/Oled_Display.v:124]
INFO: [Synth 8-226] default block is never used [C:/School/Y1S2/EE2026/SoundDisplay/SoundDisplay.srcs/sources_1/imports/EE2026-Design-Project-master/Oled_Display.v:201]
WARNING: [Synth 8-693] zero replication count - replication ignored [C:/School/Y1S2/EE2026/SoundDisplay/SoundDisplay.srcs/sources_1/imports/EE2026-Design-Project-master/Oled_Display.v:349]
INFO: [Synth 8-6155] done synthesizing module 'Oled_Display' (22#1) [C:/School/Y1S2/EE2026/SoundDisplay/SoundDisplay.srcs/sources_1/imports/EE2026-Design-Project-master/Oled_Display.v:36]
WARNING: [Synth 8-324] index 16 out of range [C:/School/Y1S2/EE2026/SoundDisplay/SoundDisplay.srcs/sources_1/new/Top_Student.v:158]
WARNING: [Synth 8-324] index 17 out of range [C:/School/Y1S2/EE2026/SoundDisplay/SoundDisplay.srcs/sources_1/new/Top_Student.v:158]
WARNING: [Synth 8-324] index 18 out of range [C:/School/Y1S2/EE2026/SoundDisplay/SoundDisplay.srcs/sources_1/new/Top_Student.v:158]
WARNING: [Synth 8-324] index 19 out of range [C:/School/Y1S2/EE2026/SoundDisplay/SoundDisplay.srcs/sources_1/new/Top_Student.v:158]
WARNING: [Synth 8-324] index 20 out of range [C:/School/Y1S2/EE2026/SoundDisplay/SoundDisplay.srcs/sources_1/new/Top_Student.v:158]
WARNING: [Synth 8-324] index 21 out of range [C:/School/Y1S2/EE2026/SoundDisplay/SoundDisplay.srcs/sources_1/new/Top_Student.v:158]
WARNING: [Synth 8-324] index 22 out of range [C:/School/Y1S2/EE2026/SoundDisplay/SoundDisplay.srcs/sources_1/new/Top_Student.v:158]
WARNING: [Synth 8-324] index 23 out of range [C:/School/Y1S2/EE2026/SoundDisplay/SoundDisplay.srcs/sources_1/new/Top_Student.v:158]
WARNING: [Synth 8-324] index 24 out of range [C:/School/Y1S2/EE2026/SoundDisplay/SoundDisplay.srcs/sources_1/new/Top_Student.v:158]
WARNING: [Synth 8-324] index 25 out of range [C:/School/Y1S2/EE2026/SoundDisplay/SoundDisplay.srcs/sources_1/new/Top_Student.v:158]
WARNING: [Synth 8-324] index 26 out of range [C:/School/Y1S2/EE2026/SoundDisplay/SoundDisplay.srcs/sources_1/new/Top_Student.v:158]
WARNING: [Synth 8-324] index 27 out of range [C:/School/Y1S2/EE2026/SoundDisplay/SoundDisplay.srcs/sources_1/new/Top_Student.v:158]
WARNING: [Synth 8-324] index 28 out of range [C:/School/Y1S2/EE2026/SoundDisplay/SoundDisplay.srcs/sources_1/new/Top_Student.v:158]
WARNING: [Synth 8-324] index 29 out of range [C:/School/Y1S2/EE2026/SoundDisplay/SoundDisplay.srcs/sources_1/new/Top_Student.v:158]
WARNING: [Synth 8-324] index 30 out of range [C:/School/Y1S2/EE2026/SoundDisplay/SoundDisplay.srcs/sources_1/new/Top_Student.v:158]
WARNING: [Synth 8-324] index 31 out of range [C:/School/Y1S2/EE2026/SoundDisplay/SoundDisplay.srcs/sources_1/new/Top_Student.v:158]
INFO: [Synth 8-6155] done synthesizing module 'Top_Student' (23#1) [C:/School/Y1S2/EE2026/SoundDisplay/SoundDisplay.srcs/sources_1/new/Top_Student.v:18]
WARNING: [Synth 8-3331] design custom_high has unconnected port mid_sel
WARNING: [Synth 8-3331] design custom_med has unconnected port mid_sel
WARNING: [Synth 8-3331] design custom_low has unconnected port mid_sel
WARNING: [Synth 8-3331] design custom_background has unconnected port mid_sel
WARNING: [Synth 8-3331] design custom_border has unconnected port mid_sel
WARNING: [Synth 8-3331] design Top_Student has unconnected port JC[2]
WARNING: [Synth 8-3331] design Top_Student has unconnected port sw[10]
WARNING: [Synth 8-3331] design Top_Student has unconnected port sw[9]
WARNING: [Synth 8-3331] design Top_Student has unconnected port sw[8]
WARNING: [Synth 8-3331] design Top_Student has unconnected port sw[7]
WARNING: [Synth 8-3331] design Top_Student has unconnected port sw[6]
WARNING: [Synth 8-3331] design Top_Student has unconnected port sw[5]
WARNING: [Synth 8-3331] design Top_Student has unconnected port sw[4]
WARNING: [Synth 8-3331] design Top_Student has unconnected port sw[3]
WARNING: [Synth 8-3331] design Top_Student has unconnected port sw[2]
---------------------------------------------------------------------------------
Finished RTL Elaboration : Time (s): cpu = 00:00:03 ; elapsed = 00:00:04 . Memory (MB): peak = 395.297 ; gain = 161.625
---------------------------------------------------------------------------------

Report Check Netlist: 
+------+------------------+-------+---------+-------+------------------+
|      |Item              |Errors |Warnings |Status |Description       |
+------+------------------+-------+---------+-------+------------------+
|1     |multi_driven_nets |      0|        0|Passed |Multi driven nets |
+------+------------------+-------+---------+-------+------------------+
---------------------------------------------------------------------------------
Start Handling Custom Attributes
---------------------------------------------------------------------------------
---------------------------------------------------------------------------------
Finished Handling Custom Attributes : Time (s): cpu = 00:00:03 ; elapsed = 00:00:04 . Memory (MB): peak = 395.297 ; gain = 161.625
---------------------------------------------------------------------------------
---------------------------------------------------------------------------------
Finished RTL Optimization Phase 1 : Time (s): cpu = 00:00:03 ; elapsed = 00:00:04 . Memory (MB): peak = 395.297 ; gain = 161.625
---------------------------------------------------------------------------------
INFO: [Device 21-403] Loading part xc7a35tcpg236-1
INFO: [Project 1-570] Preparing netlist for logic optimization

Processing XDC Constraints
Initializing timing engine
Parsing XDC File [C:/School/Y1S2/EE2026/SoundDisplay/SoundDisplay.srcs/constrs_1/new/Basys3_Master.xdc]
Finished Parsing XDC File [C:/School/Y1S2/EE2026/SoundDisplay/SoundDisplay.srcs/constrs_1/new/Basys3_Master.xdc]
INFO: [Project 1-236] Implementation specific constraints were found while reading constraint file [C:/School/Y1S2/EE2026/SoundDisplay/SoundDisplay.srcs/constrs_1/new/Basys3_Master.xdc]. These constraints will be ignored for synthesis but will be used in implementation. Impacted constraints are listed in the file [.Xil/Top_Student_propImpl.xdc].
Resolution: To avoid this warning, move constraints listed in [.Xil/Top_Student_propImpl.xdc] to another XDC file and exclude this new file from synthesis with the used_in_synthesis property (File Properties dialog in GUI) and re-run elaboration/synthesis.
Completed Processing XDC Constraints

INFO: [Project 1-111] Unisim Transformation Summary:
No Unisim elements were transformed.

Constraint Validation Runtime : Time (s): cpu = 00:00:00 ; elapsed = 00:00:00.010 . Memory (MB): peak = 742.750 ; gain = 0.000
---------------------------------------------------------------------------------
Finished Constraint Validation : Time (s): cpu = 00:00:12 ; elapsed = 00:00:14 . Memory (MB): peak = 742.750 ; gain = 509.078
---------------------------------------------------------------------------------
---------------------------------------------------------------------------------
Start Loading Part and Timing Information
---------------------------------------------------------------------------------
Loading part: xc7a35tcpg236-1
---------------------------------------------------------------------------------
Finished Loading Part and Timing Information : Time (s): cpu = 00:00:12 ; elapsed = 00:00:14 . Memory (MB): peak = 742.750 ; gain = 509.078
---------------------------------------------------------------------------------
---------------------------------------------------------------------------------
Start Applying 'set_property' XDC Constraints
---------------------------------------------------------------------------------
---------------------------------------------------------------------------------
Finished applying 'set_property' XDC Constraints : Time (s): cpu = 00:00:12 ; elapsed = 00:00:14 . Memory (MB): peak = 742.750 ; gain = 509.078
---------------------------------------------------------------------------------
INFO: [Synth 8-5545] ROM "slowclk0" won't be mapped to RAM because address size (32) is larger than maximum supported(25)
INFO: [Synth 8-5546] ROM "seg" won't be mapped to RAM because it is too sparse
INFO: [Synth 8-5544] ROM "counter" won't be mapped to Block RAM because address size (1) smaller than threshold (5)
INFO: [Synth 8-5544] ROM "seg" won't be mapped to Block RAM because address size (4) smaller than threshold (5)
INFO: [Synth 8-5546] ROM "x" won't be mapped to RAM because it is too sparse
INFO: [Synth 8-5544] ROM "number0" won't be mapped to Block RAM because address size (3) smaller than threshold (5)
INFO: [Synth 8-5544] ROM "number1" won't be mapped to Block RAM because address size (3) smaller than threshold (5)
INFO: [Synth 8-5544] ROM "number2" won't be mapped to Block RAM because address size (3) smaller than threshold (5)
INFO: [Synth 8-5544] ROM "number3" won't be mapped to Block RAM because address size (3) smaller than threshold (5)
INFO: [Synth 8-5544] ROM "number0" won't be mapped to Block RAM because address size (3) smaller than threshold (5)
INFO: [Synth 8-5544] ROM "number1" won't be mapped to Block RAM because address size (3) smaller than threshold (5)
INFO: [Synth 8-5544] ROM "number2" won't be mapped to Block RAM because address size (3) smaller than threshold (5)
INFO: [Synth 8-5544] ROM "number3" won't be mapped to Block RAM because address size (3) smaller than threshold (5)
INFO: [Synth 8-5544] ROM "number0" won't be mapped to Block RAM because address size (3) smaller than threshold (5)
INFO: [Synth 8-5544] ROM "number1" won't be mapped to Block RAM because address size (3) smaller than threshold (5)
INFO: [Synth 8-5544] ROM "number2" won't be mapped to Block RAM because address size (3) smaller than threshold (5)
INFO: [Synth 8-5544] ROM "number3" won't be mapped to Block RAM because address size (3) smaller than threshold (5)
INFO: [Synth 8-5544] ROM "number0" won't be mapped to Block RAM because address size (3) smaller than threshold (5)
INFO: [Synth 8-5544] ROM "number1" won't be mapped to Block RAM because address size (3) smaller than threshold (5)
INFO: [Synth 8-5544] ROM "number2" won't be mapped to Block RAM because address size (3) smaller than threshold (5)
INFO: [Synth 8-5544] ROM "number3" won't be mapped to Block RAM because address size (3) smaller than threshold (5)
INFO: [Synth 8-5544] ROM "number0" won't be mapped to Block RAM because address size (3) smaller than threshold (5)
INFO: [Synth 8-5544] ROM "number1" won't be mapped to Block RAM because address size (3) smaller than threshold (5)
INFO: [Synth 8-5544] ROM "number2" won't be mapped to Block RAM because address size (3) smaller than threshold (5)
INFO: [Synth 8-5544] ROM "number3" won't be mapped to Block RAM because address size (3) smaller than threshold (5)
INFO: [Synth 8-4471] merging register 'customColour_reg' into 'custom_flag_reg' [C:/School/Y1S2/EE2026/SoundDisplay/SoundDisplay.srcs/sources_1/imports/EE2026-Design-Project-master/coordinate_display.v:52]
WARNING: [Synth 8-6014] Unused sequential element customColour_reg was removed.  [C:/School/Y1S2/EE2026/SoundDisplay/SoundDisplay.srcs/sources_1/imports/EE2026-Design-Project-master/coordinate_display.v:52]
INFO: [Synth 8-5544] ROM "mode_brd" won't be mapped to Block RAM because address size (4) smaller than threshold (5)
INFO: [Synth 8-5544] ROM "mode_background" won't be mapped to Block RAM because address size (4) smaller than threshold (5)
INFO: [Synth 8-5544] ROM "mode_low" won't be mapped to Block RAM because address size (4) smaller than threshold (5)
INFO: [Synth 8-5544] ROM "mode_med" won't be mapped to Block RAM because address size (4) smaller than threshold (5)
INFO: [Synth 8-5544] ROM "mode_high" won't be mapped to Block RAM because address size (4) smaller than threshold (5)
INFO: [Synth 8-802] inferred FSM for state register 'state_reg' in module 'Oled_Display'
INFO: [Synth 8-5546] ROM "fsm_next_state0" won't be mapped to RAM because it is too sparse
INFO: [Synth 8-5544] ROM "fsm_next_state0" won't be mapped to Block RAM because address size (1) smaller than threshold (5)
INFO: [Synth 8-5546] ROM "fsm_next_state0" won't be mapped to RAM because it is too sparse
---------------------------------------------------------------------------------------------------
                   State |                     New Encoding |                Previous Encoding 
---------------------------------------------------------------------------------------------------
                 PowerUp | 00000000100000000000000000000000 |                            00000
                   Reset | 00000000000100000000000000000000 |                            00001
            ReleaseReset | 00000000000000000000100000000000 |                            00011
            EnableDriver | 00000000000000000001000000000000 |                            00010
              DisplayOff | 00000000000000000100000000000000 |                            00110
   SetRemapDisplayFormat | 00000100000000000000000000000000 |                            00111
            SetStartLine | 00001000000000000000000000000000 |                            00101
               SetOffset | 10000000000000000000000000000000 |                            00100
        SetNormalDisplay | 00000000000000000000000010000000 |                            01100
       SetMultiplexRatio | 00000000000000000000000000100000 |                            01101
  SetMasterConfiguration | 00000000000000000000000001000000 |                            01111
        DisablePowerSave | 00000000000000000000000000000100 |                            01110
          SetPhaseAdjust | 00000000000000000000000000001000 |                            01010
         SetDisplayClock | 00000000001000000000000000000000 |                            01011
     SetSecondPrechargeA | 00000000010000000000000000000000 |                            01001
     SetSecondPrechargeB | 01000000000000000000000000000000 |                            01000
     SetSecondPrechargeC | 00000010000000000000000000000000 |                            11000
       SetPrechargeLevel | 00000001000000000000000000000000 |                            11001
                SetVCOMH | 00000000000000010000000000000000 |                            11011
        SetMasterCurrent | 00000000000000100000000000000000 |                            11010
            SetContrastA | 00000000000001000000000000000000 |                            11110
            SetContrastB | 00100000000000000000000000000000 |                            11111
            SetContrastC | 00000000000000000000000000000001 |                            11101
        DisableScrolling | 00000000000000000000000000000010 |                            11100
             ClearScreen | 00000000000000000000000000010000 |                            10100
                   VccEn | 00010000000000000000000000000000 |                            10101
               DisplayOn | 00000000000010000000000000000000 |                            10111
        PrepareNextFrame | 00000000000000001000000000000000 |                            10110
           SetColAddress | 00000000000000000000010000000000 |                            10010
           SetRowAddress | 00000000000000000000000100000000 |                            10011
           WaitNextFrame | 00000000000000000000001000000000 |                            10001
               SendPixel | 00000000000000000010000000000000 |                            10000
---------------------------------------------------------------------------------------------------
INFO: [Synth 8-3354] encoded FSM with state register 'state_reg' using encoding 'one-hot' in module 'Oled_Display'
---------------------------------------------------------------------------------
Finished RTL Optimization Phase 2 : Time (s): cpu = 00:00:14 ; elapsed = 00:00:16 . Memory (MB): peak = 742.750 ; gain = 509.078
---------------------------------------------------------------------------------

Report RTL Partitions: 
+-+--------------+------------+----------+
| |RTL Partition |Replication |Instances |
+-+--------------+------------+----------+
+-+--------------+------------+----------+
---------------------------------------------------------------------------------
Start RTL Component Statistics 
---------------------------------------------------------------------------------
Detailed RTL Component Info : 
+---Adders : 
	   2 Input     17 Bit       Adders := 1     
	   2 Input     13 Bit       Adders := 1     
	   2 Input      9 Bit       Adders := 4     
	   2 Input      8 Bit       Adders := 8     
	   2 Input      7 Bit       Adders := 2     
	   2 Input      6 Bit       Adders := 2     
	  15 Input      5 Bit       Adders := 1     
	   2 Input      4 Bit       Adders := 42    
	   2 Input      3 Bit       Adders := 15    
	   2 Input      2 Bit       Adders := 2     
+---Registers : 
	               40 Bit    Registers := 1     
	               17 Bit    Registers := 1     
	               16 Bit    Registers := 1     
	               12 Bit    Registers := 4     
	                9 Bit    Registers := 1     
	                8 Bit    Registers := 10    
	                7 Bit    Registers := 5     
	                6 Bit    Registers := 2     
	                5 Bit    Registers := 2     
	                4 Bit    Registers := 29    
	                3 Bit    Registers := 10    
	                2 Bit    Registers := 2     
	                1 Bit    Registers := 28    
+---Muxes : 
	   2 Input     40 Bit        Muxes := 3     
	  32 Input     32 Bit        Muxes := 1     
	   2 Input     32 Bit        Muxes := 2     
	  32 Input     20 Bit        Muxes := 1     
	   2 Input     17 Bit        Muxes := 1     
	   2 Input     16 Bit        Muxes := 9     
	   4 Input     16 Bit        Muxes := 2     
	   5 Input     16 Bit        Muxes := 1     
	   8 Input     16 Bit        Muxes := 1     
	  16 Input     16 Bit        Muxes := 1     
	   2 Input     12 Bit        Muxes := 1     
	   2 Input      9 Bit        Muxes := 5     
	  15 Input      8 Bit        Muxes := 6     
	   2 Input      8 Bit        Muxes := 14    
	   5 Input      8 Bit        Muxes := 1     
	   4 Input      8 Bit        Muxes := 5     
	   2 Input      7 Bit        Muxes := 3     
	   4 Input      7 Bit        Muxes := 1     
	  32 Input      6 Bit        Muxes := 1     
	   2 Input      6 Bit        Muxes := 1     
	   2 Input      5 Bit        Muxes := 3     
	   4 Input      5 Bit        Muxes := 1     
	  32 Input      5 Bit        Muxes := 2     
	   2 Input      4 Bit        Muxes := 96    
	   4 Input      4 Bit        Muxes := 5     
	   7 Input      4 Bit        Muxes := 1     
	   2 Input      3 Bit        Muxes := 20    
	   5 Input      2 Bit        Muxes := 1     
	   2 Input      2 Bit        Muxes := 3     
	   2 Input      1 Bit        Muxes := 104   
	   5 Input      1 Bit        Muxes := 1     
	   3 Input      1 Bit        Muxes := 1     
	   4 Input      1 Bit        Muxes := 6     
	   7 Input      1 Bit        Muxes := 13    
---------------------------------------------------------------------------------
Finished RTL Component Statistics 
---------------------------------------------------------------------------------
---------------------------------------------------------------------------------
Start RTL Hierarchical Component Statistics 
---------------------------------------------------------------------------------
Hierarchical RTL Component report 
Module Top_Student 
Detailed RTL Component Info : 
+---Adders : 
	   2 Input     13 Bit       Adders := 1     
	  15 Input      5 Bit       Adders := 1     
+---Registers : 
	               12 Bit    Registers := 2     
	                5 Bit    Registers := 1     
+---Muxes : 
	  16 Input     16 Bit        Muxes := 1     
	   2 Input     12 Bit        Muxes := 1     
Module clk 
Detailed RTL Component Info : 
+---Registers : 
	                1 Bit    Registers := 1     
+---Muxes : 
	   2 Input      1 Bit        Muxes := 1     
Module single_dff 
Detailed RTL Component Info : 
+---Registers : 
	                1 Bit    Registers := 1     
Module mux 
Detailed RTL Component Info : 
+---Muxes : 
	   2 Input     16 Bit        Muxes := 1     
Module bcd 
Detailed RTL Component Info : 
+---Adders : 
	   2 Input      4 Bit       Adders := 1     
+---Muxes : 
	   2 Input      4 Bit        Muxes := 1     
Module char_disp 
Detailed RTL Component Info : 
+---Muxes : 
	  15 Input      8 Bit        Muxes := 1     
	   2 Input      8 Bit        Muxes := 1     
Module string_driver 
Detailed RTL Component Info : 
+---Adders : 
	   2 Input      9 Bit       Adders := 4     
	   2 Input      6 Bit       Adders := 1     
+---Registers : 
	                9 Bit    Registers := 1     
	                8 Bit    Registers := 4     
	                6 Bit    Registers := 1     
+---Muxes : 
	   2 Input      9 Bit        Muxes := 5     
	   2 Input      8 Bit        Muxes := 7     
	   2 Input      1 Bit        Muxes := 1     
Module ledDriv 
Detailed RTL Component Info : 
+---Registers : 
	                8 Bit    Registers := 1     
	                4 Bit    Registers := 1     
+---Muxes : 
	   5 Input      8 Bit        Muxes := 1     
	   2 Input      4 Bit        Muxes := 1     
	   5 Input      1 Bit        Muxes := 1     
Module xycalculator 
Detailed RTL Component Info : 
+---Registers : 
	                7 Bit    Registers := 2     
Module draw_border 
Detailed RTL Component Info : 
+---Registers : 
	                1 Bit    Registers := 1     
+---Muxes : 
	   2 Input      1 Bit        Muxes := 4     
	   3 Input      1 Bit        Muxes := 1     
Module volume_bar 
Detailed RTL Component Info : 
+---Registers : 
	                2 Bit    Registers := 1     
+---Muxes : 
	   5 Input      2 Bit        Muxes := 1     
	   2 Input      1 Bit        Muxes := 3     
Module text_select 
Detailed RTL Component Info : 
+---Adders : 
	   2 Input      7 Bit       Adders := 2     
+---Registers : 
	                7 Bit    Registers := 3     
	                5 Bit    Registers := 1     
+---Muxes : 
	   2 Input      7 Bit        Muxes := 3     
	   4 Input      7 Bit        Muxes := 1     
	   2 Input      5 Bit        Muxes := 1     
	   4 Input      5 Bit        Muxes := 1     
	   2 Input      1 Bit        Muxes := 1     
	   4 Input      1 Bit        Muxes := 1     
Module dictionary 
Detailed RTL Component Info : 
+---Adders : 
	   2 Input      8 Bit       Adders := 8     
+---Registers : 
	                1 Bit    Registers := 1     
+---Muxes : 
	   2 Input      1 Bit        Muxes := 1     
Module custom_border 
Detailed RTL Component Info : 
+---Adders : 
	   2 Input      4 Bit       Adders := 8     
	   2 Input      3 Bit       Adders := 3     
+---Registers : 
	                8 Bit    Registers := 1     
	                4 Bit    Registers := 5     
	                3 Bit    Registers := 2     
+---Muxes : 
	   4 Input      8 Bit        Muxes := 1     
	   4 Input      4 Bit        Muxes := 1     
	   2 Input      4 Bit        Muxes := 18    
	   2 Input      3 Bit        Muxes := 4     
	   2 Input      1 Bit        Muxes := 14    
	   4 Input      1 Bit        Muxes := 1     
Module custom_background 
Detailed RTL Component Info : 
+---Adders : 
	   2 Input      4 Bit       Adders := 8     
	   2 Input      3 Bit       Adders := 3     
+---Registers : 
	                8 Bit    Registers := 1     
	                4 Bit    Registers := 5     
	                3 Bit    Registers := 2     
+---Muxes : 
	   4 Input      8 Bit        Muxes := 1     
	   4 Input      4 Bit        Muxes := 1     
	   2 Input      4 Bit        Muxes := 18    
	   2 Input      3 Bit        Muxes := 4     
	   2 Input      1 Bit        Muxes := 14    
	   4 Input      1 Bit        Muxes := 1     
Module custom_low 
Detailed RTL Component Info : 
+---Adders : 
	   2 Input      4 Bit       Adders := 8     
	   2 Input      3 Bit       Adders := 3     
+---Registers : 
	                8 Bit    Registers := 1     
	                4 Bit    Registers := 5     
	                3 Bit    Registers := 2     
+---Muxes : 
	   4 Input      8 Bit        Muxes := 1     
	   4 Input      4 Bit        Muxes := 1     
	   2 Input      4 Bit        Muxes := 18    
	   2 Input      3 Bit        Muxes := 4     
	   2 Input      1 Bit        Muxes := 14    
	   4 Input      1 Bit        Muxes := 1     
Module custom_med 
Detailed RTL Component Info : 
+---Adders : 
	   2 Input      4 Bit       Adders := 8     
	   2 Input      3 Bit       Adders := 3     
+---Registers : 
	                8 Bit    Registers := 1     
	                4 Bit    Registers := 5     
	                3 Bit    Registers := 2     
+---Muxes : 
	   4 Input      8 Bit        Muxes := 1     
	   4 Input      4 Bit        Muxes := 1     
	   2 Input      4 Bit        Muxes := 18    
	   2 Input      3 Bit        Muxes := 4     
	   2 Input      1 Bit        Muxes := 14    
	   4 Input      1 Bit        Muxes := 1     
Module custom_high 
Detailed RTL Component Info : 
+---Adders : 
	   2 Input      4 Bit       Adders := 8     
	   2 Input      3 Bit       Adders := 3     
+---Registers : 
	                8 Bit    Registers := 1     
	                4 Bit    Registers := 5     
	                3 Bit    Registers := 2     
+---Muxes : 
	   4 Input      8 Bit        Muxes := 1     
	   4 Input      4 Bit        Muxes := 1     
	   2 Input      4 Bit        Muxes := 18    
	   2 Input      3 Bit        Muxes := 4     
	   2 Input      1 Bit        Muxes := 14    
	   4 Input      1 Bit        Muxes := 1     
Module coordinate_display 
Detailed RTL Component Info : 
+---Adders : 
	   2 Input      4 Bit       Adders := 1     
	   2 Input      2 Bit       Adders := 2     
+---Registers : 
	               16 Bit    Registers := 1     
	                4 Bit    Registers := 3     
	                2 Bit    Registers := 1     
	                1 Bit    Registers := 7     
+---Muxes : 
	   4 Input     16 Bit        Muxes := 2     
	   5 Input     16 Bit        Muxes := 1     
	   2 Input     16 Bit        Muxes := 2     
	   8 Input     16 Bit        Muxes := 1     
	   2 Input      8 Bit        Muxes := 1     
	   2 Input      4 Bit        Muxes := 4     
	   7 Input      4 Bit        Muxes := 1     
	   2 Input      2 Bit        Muxes := 3     
	   2 Input      1 Bit        Muxes := 14    
	   7 Input      1 Bit        Muxes := 13    
Module Audio_Capture 
Detailed RTL Component Info : 
+---Registers : 
	               12 Bit    Registers := 2     
	                1 Bit    Registers := 1     
Module Oled_Display 
Detailed RTL Component Info : 
+---Adders : 
	   2 Input     17 Bit       Adders := 1     
	   2 Input      6 Bit       Adders := 1     
+---Registers : 
	               40 Bit    Registers := 1     
	               17 Bit    Registers := 1     
	                6 Bit    Registers := 1     
+---Muxes : 
	   2 Input     40 Bit        Muxes := 3     
	  32 Input     32 Bit        Muxes := 1     
	   2 Input     32 Bit        Muxes := 2     
	  32 Input     20 Bit        Muxes := 1     
	   2 Input     17 Bit        Muxes := 1     
	  32 Input      6 Bit        Muxes := 1     
	   2 Input      6 Bit        Muxes := 1     
	   2 Input      5 Bit        Muxes := 2     
	  32 Input      5 Bit        Muxes := 2     
	   2 Input      1 Bit        Muxes := 2     
---------------------------------------------------------------------------------
Finished RTL Hierarchical Component Statistics
---------------------------------------------------------------------------------
---------------------------------------------------------------------------------
Start Part Resource Summary
---------------------------------------------------------------------------------
Part Resources:
DSPs: 90 (col length:60)
BRAMs: 100 (col length: RAMB18 60 RAMB36 30)
---------------------------------------------------------------------------------
Finished Part Resource Summary
---------------------------------------------------------------------------------
---------------------------------------------------------------------------------
Start Cross Boundary and Area Optimization
---------------------------------------------------------------------------------
Warning: Parallel synthesis criteria is not met 
INFO: [Synth 8-5545] ROM "slowclk0" won't be mapped to RAM because address size (32) is larger than maximum supported(25)
INFO: [Synth 8-5545] ROM "slowclk0" won't be mapped to RAM because address size (32) is larger than maximum supported(25)
INFO: [Synth 8-5545] ROM "slowclk0" won't be mapped to RAM because address size (32) is larger than maximum supported(25)
INFO: [Synth 8-5545] ROM "slowclk0" won't be mapped to RAM because address size (32) is larger than maximum supported(25)
INFO: [Synth 8-5545] ROM "slowclk0" won't be mapped to RAM because address size (32) is larger than maximum supported(25)
INFO: [Synth 8-5545] ROM "slowclk0" won't be mapped to RAM because address size (32) is larger than maximum supported(25)
INFO: [Synth 8-5545] ROM "slowclk0" won't be mapped to RAM because address size (32) is larger than maximum supported(25)
INFO: [Synth 8-5545] ROM "clk600/slowclk0" won't be mapped to RAM because address size (32) is larger than maximum supported(25)
INFO: [Synth 8-5546] ROM "fsm_next_state0" won't be mapped to RAM because it is too sparse
INFO: [Synth 8-5546] ROM "fsm_next_state0" won't be mapped to RAM because it is too sparse
INFO: [Synth 8-5587] ROM size for "char1/seg" is below threshold of ROM address width. It will be mapped to LUTs
INFO: [Synth 8-5587] ROM size for "char0/seg" is below threshold of ROM address width. It will be mapped to LUTs
INFO: [Synth 8-5587] ROM size for "str_0/seg" is below threshold of ROM address width. It will be mapped to LUTs
INFO: [Synth 8-5587] ROM size for "str_1/seg" is below threshold of ROM address width. It will be mapped to LUTs
INFO: [Synth 8-5587] ROM size for "str_2/seg" is below threshold of ROM address width. It will be mapped to LUTs
INFO: [Synth 8-5587] ROM size for "str_3/seg" is below threshold of ROM address width. It will be mapped to LUTs
WARNING: [Synth 8-3331] design custom_high has unconnected port mid_sel
WARNING: [Synth 8-3331] design custom_med has unconnected port mid_sel
WARNING: [Synth 8-3331] design custom_low has unconnected port mid_sel
WARNING: [Synth 8-3331] design custom_background has unconnected port mid_sel
WARNING: [Synth 8-3331] design custom_border has unconnected port mid_sel
WARNING: [Synth 8-3331] design Top_Student has unconnected port JC[2]
WARNING: [Synth 8-3331] design Top_Student has unconnected port sw[10]
WARNING: [Synth 8-3331] design Top_Student has unconnected port sw[9]
WARNING: [Synth 8-3331] design Top_Student has unconnected port sw[8]
WARNING: [Synth 8-3331] design Top_Student has unconnected port sw[7]
WARNING: [Synth 8-3331] design Top_Student has unconnected port sw[6]
WARNING: [Synth 8-3331] design Top_Student has unconnected port sw[5]
WARNING: [Synth 8-3331] design Top_Student has unconnected port sw[4]
WARNING: [Synth 8-3331] design Top_Student has unconnected port sw[3]
WARNING: [Synth 8-3331] design Top_Student has unconnected port sw[2]
INFO: [Synth 8-3886] merging instance 'strdriv/char2_reg[7]' (FDE) to 'strdriv/char2_reg[4]'
INFO: [Synth 8-3886] merging instance 'strdriv/char2_reg[4]' (FDE) to 'strdriv/char2_reg[3]'
INFO: [Synth 8-3886] merging instance 'strdriv/char2_reg[3]' (FDE) to 'strdriv/char0_reg[7]'
INFO: [Synth 8-3886] merging instance 'strdriv/char3_reg[7]' (FDE) to 'strdriv/char0_reg[7]'
INFO: [Synth 8-3886] merging instance 'strdriv/char3_reg[4]' (FDE) to 'strdriv/char0_reg[7]'
INFO: [Synth 8-3886] merging instance 'strdriv/char3_reg[3]' (FDE) to 'strdriv/char0_reg[7]'
INFO: [Synth 8-3886] merging instance 'strdriv/char1_reg[7]' (FDE) to 'strdriv/char0_reg[7]'
INFO: [Synth 8-3886] merging instance 'strdriv/char1_reg[4]' (FDE) to 'strdriv/char0_reg[7]'
INFO: [Synth 8-3886] merging instance 'strdriv/char1_reg[3]' (FDE) to 'strdriv/char0_reg[7]'
INFO: [Synth 8-3886] merging instance 'strdriv/char0_reg[7]' (FDE) to 'strdriv/char0_reg[4]'
INFO: [Synth 8-3886] merging instance 'strdriv/char0_reg[4]' (FDE) to 'strdriv/char0_reg[3]'
INFO: [Synth 8-3333] propagating constant 0 across sequential element (strdriv/\char0_reg[3] )
WARNING: [Synth 8-3332] Sequential element (i_reg[2]) is unused and will be removed from module string_driver.
WARNING: [Synth 8-3332] Sequential element (i_reg[1]) is unused and will be removed from module string_driver.
WARNING: [Synth 8-3332] Sequential element (i_reg[0]) is unused and will be removed from module string_driver.
WARNING: [Synth 8-3332] Sequential element (char0_reg[3]) is unused and will be removed from module string_driver.
WARNING: [Synth 8-3332] Sequential element (text1/x_reg[6]) is unused and will be removed from module coordinate_display.
WARNING: [Synth 8-3332] Sequential element (text1/x_reg[5]) is unused and will be removed from module coordinate_display.
WARNING: [Synth 8-3332] Sequential element (text1/x_reg[4]) is unused and will be removed from module coordinate_display.
WARNING: [Synth 8-3332] Sequential element (text1/x_reg[3]) is unused and will be removed from module coordinate_display.
WARNING: [Synth 8-3332] Sequential element (text1/x_reg[2]) is unused and will be removed from module coordinate_display.
WARNING: [Synth 8-3332] Sequential element (text1/x_reg[1]) is unused and will be removed from module coordinate_display.
WARNING: [Synth 8-3332] Sequential element (text1/x_reg[0]) is unused and will be removed from module coordinate_display.
WARNING: [Synth 8-3332] Sequential element (text1/y_reg[6]) is unused and will be removed from module coordinate_display.
WARNING: [Synth 8-3332] Sequential element (text1/y_reg[5]) is unused and will be removed from module coordinate_display.
WARNING: [Synth 8-3332] Sequential element (text1/y_reg[4]) is unused and will be removed from module coordinate_display.
WARNING: [Synth 8-3332] Sequential element (text1/y_reg[3]) is unused and will be removed from module coordinate_display.
WARNING: [Synth 8-3332] Sequential element (text1/y_reg[2]) is unused and will be removed from module coordinate_display.
WARNING: [Synth 8-3332] Sequential element (text1/y_reg[1]) is unused and will be removed from module coordinate_display.
WARNING: [Synth 8-3332] Sequential element (text1/y_reg[0]) is unused and will be removed from module coordinate_display.
WARNING: [Synth 8-3332] Sequential element (text1/letter_code_reg[4]) is unused and will be removed from module coordinate_display.
WARNING: [Synth 8-3332] Sequential element (text1/letter_code_reg[3]) is unused and will be removed from module coordinate_display.
WARNING: [Synth 8-3332] Sequential element (text1/letter_code_reg[2]) is unused and will be removed from module coordinate_display.
WARNING: [Synth 8-3332] Sequential element (text1/letter_code_reg[1]) is unused and will be removed from module coordinate_display.
WARNING: [Synth 8-3332] Sequential element (text1/letter_code_reg[0]) is unused and will be removed from module coordinate_display.
WARNING: [Synth 8-3332] Sequential element (dictionary1/check_reg) is unused and will be removed from module coordinate_display.
WARNING: [Synth 8-3332] Sequential element (slowclk_reg) is unused and will be removed from module clk__6.
INFO: [Synth 8-3333] propagating constant 1 across sequential element (disp1/\customMed/seg_reg[7] )
INFO: [Synth 8-3333] propagating constant 1 across sequential element (disp1/\customLow/seg_reg[7] )
INFO: [Synth 8-3333] propagating constant 1 across sequential element (disp1/\custombackgrd/seg_reg[7] )
INFO: [Synth 8-3333] propagating constant 1 across sequential element (disp1/\customHigh/seg_reg[7] )
INFO: [Synth 8-3333] propagating constant 1 across sequential element (disp1/\customborder/seg_reg[7] )
INFO: [Synth 8-3333] propagating constant 0 across sequential element (\maxLED_reg[4] )
WARNING: [Synth 8-3332] Sequential element (customborder/seg_reg[7]) is unused and will be removed from module coordinate_display.
WARNING: [Synth 8-3332] Sequential element (custombackgrd/seg_reg[7]) is unused and will be removed from module coordinate_display.
WARNING: [Synth 8-3332] Sequential element (customLow/seg_reg[7]) is unused and will be removed from module coordinate_display.
WARNING: [Synth 8-3332] Sequential element (customMed/seg_reg[7]) is unused and will be removed from module coordinate_display.
WARNING: [Synth 8-3332] Sequential element (customHigh/seg_reg[7]) is unused and will be removed from module coordinate_display.
WARNING: [Synth 8-3332] Sequential element (maxLED_reg[4]) is unused and will be removed from module Top_Student.
---------------------------------------------------------------------------------
Finished Cross Boundary and Area Optimization : Time (s): cpu = 00:00:24 ; elapsed = 00:00:26 . Memory (MB): peak = 742.750 ; gain = 509.078
---------------------------------------------------------------------------------

Report RTL Partitions: 
+-+--------------+------------+----------+
| |RTL Partition |Replication |Instances |
+-+--------------+------------+----------+
+-+--------------+------------+----------+
---------------------------------------------------------------------------------
Start Applying XDC Timing Constraints
---------------------------------------------------------------------------------
---------------------------------------------------------------------------------
Finished Applying XDC Timing Constraints : Time (s): cpu = 00:00:33 ; elapsed = 00:00:37 . Memory (MB): peak = 742.750 ; gain = 509.078
---------------------------------------------------------------------------------
---------------------------------------------------------------------------------
Start Timing Optimization
---------------------------------------------------------------------------------
---------------------------------------------------------------------------------
Finished Timing Optimization : Time (s): cpu = 00:00:33 ; elapsed = 00:00:37 . Memory (MB): peak = 755.367 ; gain = 521.695
---------------------------------------------------------------------------------

Report RTL Partitions: 
+-+--------------+------------+----------+
| |RTL Partition |Replication |Instances |
+-+--------------+------------+----------+
+-+--------------+------------+----------+
---------------------------------------------------------------------------------
Start Technology Mapping
---------------------------------------------------------------------------------
WARNING: [Synth 8-3332] Sequential element (disp1/customborder/counter_reg[2]) is unused and will be removed from module Top_Student.
WARNING: [Synth 8-3332] Sequential element (disp1/customborder/an_pointer_reg[2]) is unused and will be removed from module Top_Student.
WARNING: [Synth 8-3332] Sequential element (disp1/custombackgrd/counter_reg[2]) is unused and will be removed from module Top_Student.
WARNING: [Synth 8-3332] Sequential element (disp1/custombackgrd/an_pointer_reg[2]) is unused and will be removed from module Top_Student.
WARNING: [Synth 8-3332] Sequential element (disp1/customLow/counter_reg[2]) is unused and will be removed from module Top_Student.
WARNING: [Synth 8-3332] Sequential element (disp1/customLow/an_pointer_reg[2]) is unused and will be removed from module Top_Student.
WARNING: [Synth 8-3332] Sequential element (disp1/customMed/counter_reg[2]) is unused and will be removed from module Top_Student.
WARNING: [Synth 8-3332] Sequential element (disp1/customMed/an_pointer_reg[2]) is unused and will be removed from module Top_Student.
WARNING: [Synth 8-3332] Sequential element (disp1/customHigh/counter_reg[2]) is unused and will be removed from module Top_Student.
WARNING: [Synth 8-3332] Sequential element (disp1/customHigh/an_pointer_reg[2]) is unused and will be removed from module Top_Student.
---------------------------------------------------------------------------------
Finished Technology Mapping : Time (s): cpu = 00:00:34 ; elapsed = 00:00:38 . Memory (MB): peak = 792.727 ; gain = 559.055
---------------------------------------------------------------------------------

Report RTL Partitions: 
+-+--------------+------------+----------+
| |RTL Partition |Replication |Instances |
+-+--------------+------------+----------+
+-+--------------+------------+----------+
---------------------------------------------------------------------------------
Start IO Insertion
---------------------------------------------------------------------------------
---------------------------------------------------------------------------------
Start Flattening Before IO Insertion
---------------------------------------------------------------------------------
---------------------------------------------------------------------------------
Finished Flattening Before IO Insertion
---------------------------------------------------------------------------------
---------------------------------------------------------------------------------
Start Final Netlist Cleanup
---------------------------------------------------------------------------------
---------------------------------------------------------------------------------
Finished Final Netlist Cleanup
---------------------------------------------------------------------------------
---------------------------------------------------------------------------------
Finished IO Insertion : Time (s): cpu = 00:00:35 ; elapsed = 00:00:39 . Memory (MB): peak = 792.727 ; gain = 559.055
---------------------------------------------------------------------------------

Report Check Netlist: 
+------+------------------+-------+---------+-------+------------------+
|      |Item              |Errors |Warnings |Status |Description       |
+------+------------------+-------+---------+-------+------------------+
|1     |multi_driven_nets |      0|        0|Passed |Multi driven nets |
+------+------------------+-------+---------+-------+------------------+
---------------------------------------------------------------------------------
Start Renaming Generated Instances
---------------------------------------------------------------------------------
---------------------------------------------------------------------------------
Finished Renaming Generated Instances : Time (s): cpu = 00:00:35 ; elapsed = 00:00:39 . Memory (MB): peak = 792.727 ; gain = 559.055
---------------------------------------------------------------------------------

Report RTL Partitions: 
+-+--------------+------------+----------+
| |RTL Partition |Replication |Instances |
+-+--------------+------------+----------+
+-+--------------+------------+----------+
---------------------------------------------------------------------------------
Start Rebuilding User Hierarchy
---------------------------------------------------------------------------------
---------------------------------------------------------------------------------
Finished Rebuilding User Hierarchy : Time (s): cpu = 00:00:35 ; elapsed = 00:00:39 . Memory (MB): peak = 792.727 ; gain = 559.055
---------------------------------------------------------------------------------
---------------------------------------------------------------------------------
Start Renaming Generated Ports
---------------------------------------------------------------------------------
---------------------------------------------------------------------------------
Finished Renaming Generated Ports : Time (s): cpu = 00:00:35 ; elapsed = 00:00:39 . Memory (MB): peak = 792.727 ; gain = 559.055
---------------------------------------------------------------------------------
---------------------------------------------------------------------------------
Start Handling Custom Attributes
---------------------------------------------------------------------------------
---------------------------------------------------------------------------------
Finished Handling Custom Attributes : Time (s): cpu = 00:00:35 ; elapsed = 00:00:39 . Memory (MB): peak = 792.727 ; gain = 559.055
---------------------------------------------------------------------------------
---------------------------------------------------------------------------------
Start Renaming Generated Nets
---------------------------------------------------------------------------------
---------------------------------------------------------------------------------
Finished Renaming Generated Nets : Time (s): cpu = 00:00:35 ; elapsed = 00:00:39 . Memory (MB): peak = 792.727 ; gain = 559.055
---------------------------------------------------------------------------------
---------------------------------------------------------------------------------
Start Writing Synthesis Report
---------------------------------------------------------------------------------

Report BlackBoxes: 
+-+--------------+----------+
| |BlackBox name |Instances |
+-+--------------+----------+
+-+--------------+----------+

Report Cell Usage: 
+------+-------+------+
|      |Cell   |Count |
+------+-------+------+
|1     |BUFG   |     6|
|2     |CARRY4 |   111|
|3     |LUT1   |    43|
|4     |LUT2   |   124|
|5     |LUT3   |   138|
|6     |LUT4   |   162|
|7     |LUT5   |   169|
|8     |LUT6   |   470|
|9     |MUXF7  |    14|
|10    |FDE_1  |    32|
|11    |FDRE   |   639|
|12    |FDSE   |    14|
|13    |IBUF   |    13|
|14    |OBUF   |    37|
|15    |OBUFT  |     1|
+------+-------+------+

Report Instance Areas: 
+------+------------------+-------------------+------+
|      |Instance          |Module             |Cells |
+------+------------------+-------------------+------+
|1     |top               |                   |  1973|
|2     |  muxFinal        |mux                |     8|
|3     |  muxFinal2       |mux_7              |     4|
|4     |  clk1            |clk                |    63|
|5     |  clk20           |clk_0              |    63|
|6     |  clk20k          |clk_1              |    63|
|7     |  clk361          |clk_2              |    63|
|8     |  clk4            |clk_3              |    63|
|9     |  clk625m         |clk_4              |    64|
|10    |  disp1           |coordinate_display |   707|
|11    |    border1       |draw_border        |     1|
|12    |    coord         |xycalculator       |    91|
|13    |    customHigh    |custom_high        |   103|
|14    |    customLow     |custom_low         |    99|
|15    |    customMed     |custom_med         |   104|
|16    |    custombackgrd |custom_background  |   101|
|17    |    customborder  |custom_border      |   105|
|18    |    volume1       |volume_bar         |    43|
|19    |  down            |single_pulse       |    28|
|20    |    dff1          |single_dff_18      |    22|
|21    |    dff2          |single_dff_19      |     6|
|22    |  ledDriver       |ledDriv            |    94|
|23    |    clk600        |clk_17             |    54|
|24    |  left            |single_pulse_5     |     3|
|25    |    dff1          |single_dff_15      |     2|
|26    |    dff2          |single_dff_16      |     1|
|27    |  mic             |Audio_Capture      |    96|
|28    |  mid             |single_pulse_6     |     2|
|29    |    dff1          |single_dff_13      |     1|
|30    |    dff2          |single_dff_14      |     1|
|31    |  oled            |Oled_Display       |   382|
|32    |  right           |single_pulse_8     |     3|
|33    |    dff1          |single_dff_11      |     1|
|34    |    dff2          |single_dff_12      |     2|
|35    |  strdriv         |string_driver      |    99|
|36    |  up              |single_pulse_9     |     3|
|37    |    dff1          |single_dff         |     1|
|38    |    dff2          |single_dff_10      |     2|
+------+------------------+-------------------+------+
---------------------------------------------------------------------------------
Finished Writing Synthesis Report : Time (s): cpu = 00:00:35 ; elapsed = 00:00:39 . Memory (MB): peak = 792.727 ; gain = 559.055
---------------------------------------------------------------------------------
Synthesis finished with 0 errors, 0 critical warnings and 57 warnings.
Synthesis Optimization Runtime : Time (s): cpu = 00:00:25 ; elapsed = 00:00:31 . Memory (MB): peak = 792.727 ; gain = 211.602
Synthesis Optimization Complete : Time (s): cpu = 00:00:35 ; elapsed = 00:00:39 . Memory (MB): peak = 792.727 ; gain = 559.055
INFO: [Project 1-571] Translating synthesized netlist
INFO: [Netlist 29-17] Analyzing 170 Unisim elements for replacement
INFO: [Netlist 29-28] Unisim Transformation completed in 0 CPU seconds
INFO: [Project 1-570] Preparing netlist for logic optimization
INFO: [Opt 31-138] Pushed 0 inverter(s) to 0 load pin(s).
INFO: [Project 1-111] Unisim Transformation Summary:
  A total of 32 instances were transformed.
  FDE_1 => FDRE (inverted pins: C): 32 instances

INFO: [Common 17-83] Releasing license: Synthesis
138 Infos, 135 Warnings, 0 Critical Warnings and 0 Errors encountered.
synth_design completed successfully
synth_design: Time (s): cpu = 00:00:38 ; elapsed = 00:00:42 . Memory (MB): peak = 792.727 ; gain = 571.926
WARNING: [Constraints 18-5210] No constraint will be written out.
INFO: [Common 17-1381] The checkpoint 'C:/School/Y1S2/EE2026/SoundDisplay/SoundDisplay.runs/synth_1/Top_Student.dcp' has been generated.
INFO: [runtcl-4] Executing : report_utilization -file Top_Student_utilization_synth.rpt -pb Top_Student_utilization_synth.pb
report_utilization: Time (s): cpu = 00:00:00 ; elapsed = 00:00:00.045 . Memory (MB): peak = 792.727 ; gain = 0.000
INFO: [Common 17-206] Exiting Vivado at Sat Mar 28 21:08:01 2020...
